TN:
SF:src/app.ts
FNF:0
FNH:0
DA:5,1
DA:7,1
DA:10,1
DA:13,1
LF:4
LH:4
BRF:0
BRH:0
end_of_record
TN:
SF:src/config/config.ts
FNF:0
FNH:0
DA:3,16
DA:17,16
LF:2
LH:2
BRDA:18,0,0,16
BRDA:18,0,1,0
BRDA:19,1,0,16
BRDA:19,1,1,0
BRDA:21,2,0,16
BRDA:21,2,1,0
BRDA:22,3,0,16
BRDA:22,3,1,0
BRDA:23,4,0,16
BRDA:23,4,1,0
BRDA:24,5,0,16
BRDA:24,5,1,0
BRDA:25,6,0,16
BRDA:25,6,1,0
BRF:14
BRH:7
end_of_record
TN:
SF:src/config/database.ts
FN:17,(anonymous_0)
FN:21,(anonymous_1)
FN:27,(anonymous_2)
FN:41,(anonymous_3)
FN:47,(anonymous_4)
FN:58,(anonymous_5)
FNF:6
FNH:0
FNDA:0,(anonymous_0)
FNDA:0,(anonymous_1)
FNDA:0,(anonymous_2)
FNDA:0,(anonymous_3)
FNDA:0,(anonymous_4)
FNDA:0,(anonymous_5)
DA:5,2
DA:17,2
DA:18,0
DA:21,2
DA:22,0
DA:23,0
DA:27,2
DA:28,0
DA:29,0
DA:30,0
DA:31,0
DA:32,0
DA:33,0
DA:35,0
DA:36,0
DA:41,2
DA:42,0
DA:43,0
DA:47,2
DA:48,0
DA:49,0
DA:50,0
DA:52,0
DA:53,0
DA:58,2
DA:59,0
DA:60,0
LF:27
LH:7
BRF:0
BRH:0
end_of_record
TN:
SF:src/controllers/itemController.ts
FN:5,(anonymous_0)
FN:25,(anonymous_1)
FN:39,(anonymous_2)
FN:62,(anonymous_3)
FN:87,(anonymous_4)
FNF:5
FNH:5
FNDA:7,(anonymous_0)
FNDA:3,(anonymous_1)
FNDA:5,(anonymous_2)
FNDA:5,(anonymous_3)
FNDA:5,(anonymous_4)
DA:5,1
DA:10,7
DA:11,7
DA:13,7
DA:14,4
DA:17,3
DA:18,2
DA:20,1
DA:25,1
DA:30,3
DA:31,3
DA:32,2
DA:34,1
DA:39,1
DA:44,5
DA:45,5
DA:46,5
DA:47,1
DA:50,4
DA:51,3
DA:52,2
DA:55,1
DA:57,1
DA:62,1
DA:67,5
DA:68,5
DA:69,5
DA:70,1
DA:73,4
DA:75,4
DA:76,3
DA:77,2
DA:80,1
DA:82,1
DA:87,1
DA:92,5
DA:93,5
DA:94,5
DA:95,1
DA:98,4
DA:99,3
DA:100,2
DA:103,1
DA:105,1
LF:44
LH:44
BRDA:13,0,0,4
BRDA:13,0,1,3
BRDA:13,1,0,7
BRDA:13,1,1,5
BRDA:13,1,2,4
BRDA:45,2,0,5
BRDA:45,2,1,1
BRDA:46,3,0,1
BRDA:46,3,1,4
BRDA:51,4,0,2
BRDA:51,4,1,1
BRDA:68,5,0,5
BRDA:68,5,1,1
BRDA:69,6,0,1
BRDA:69,6,1,4
BRDA:76,7,0,2
BRDA:76,7,1,1
BRDA:93,8,0,5
BRDA:93,8,1,1
BRDA:94,9,0,1
BRDA:94,9,1,4
BRDA:99,10,0,2
BRDA:99,10,1,1
BRF:23
BRH:23
end_of_record
TN:
SF:src/middlewares/errorHandler.ts
FN:7,(anonymous_0)
FNF:1
FNH:1
FNDA:9,(anonymous_0)
DA:7,2
DA:13,9
DA:14,9
LF:3
LH:3
BRDA:14,0,0,9
BRDA:14,0,1,6
BRDA:15,1,0,9
BRDA:15,1,1,1
BRF:4
BRH:4
end_of_record
TN:
SF:src/models/item.ts
FN:19,(anonymous_0)
FN:25,(anonymous_1)
FN:31,(anonymous_2)
FN:42,(anonymous_3)
FN:62,(anonymous_4)
FNF:5
FNH:5
FNDA:2,(anonymous_0)
FNDA:3,(anonymous_1)
FNDA:1,(anonymous_2)
FNDA:3,(anonymous_3)
FNDA:3,(anonymous_4)
DA:19,2
DA:20,2
DA:21,2
DA:25,2
DA:26,3
DA:27,3
DA:31,2
DA:32,1
DA:38,1
DA:42,2
DA:46,3
DA:47,1
DA:50,2
DA:58,2
DA:62,2
DA:63,3
DA:64,3
LF:17
LH:17
BRDA:27,0,0,3
BRDA:27,0,1,1
BRDA:46,1,0,1
BRDA:46,1,1,2
BRDA:58,2,0,2
BRDA:58,2,1,1
BRDA:64,3,0,3
BRDA:64,3,1,2
BRF:8
BRH:8
end_of_record
TN:
SF:src/models/itemProxy.ts
FNF:0
FNH:0
DA:3,1
LF:1
LH:1
BRF:0
BRH:0
end_of_record
TN:
SF:src/routes/itemRoutes.ts
FNF:0
FNH:0
DA:10,1
DA:12,1
DA:13,1
DA:14,1
DA:15,1
DA:16,1
LF:6
LH:6
BRF:0
BRH:0
end_of_record
